<?xml version="1.0" encoding="UTF-8"?>
<testsuite xmlns:xsi="http://www.w3.org/2001/XMLSchema-instance" xsi:noNamespaceSchemaLocation="https://maven.apache.org/surefire/maven-surefire-plugin/xsd/surefire-test-report-3.0.xsd" version="3.0" name="com.burak.opeva.service.SendR4SimulationToSumoDelegateTest" time="0.005" tests="1" errors="0" skipped="0" failures="0">
  <properties>
[...]
</properties>
  <testcase name="shouldLogR4SimulationData" classname="com.burak.opeva.service.SendR4SimulationToSumoDelegateTest" time="0.003">
    <system-out><![CDATA[[SendR4SimulationToSumoDelegate] SUMO'ya gönderilen R4Simulation verisi: { "vehicle": "car1", "route": [1,2,3] }
]]></system-out>
  </testcase>
</testsuite>